<?xml version="1.0" encoding="UTF-8"?>
<robot generator="Robot 7.0 (Python 3.11.4 on linux)" generated="2024-04-10T16:35:26.522460" rpa="false" schemaversion="5">
<suite id="s1" name="Robot Framework Post Request" source="/home/durga/Desktop/robot/Task_2_robot_framework/robot_framework_post_request.robot">
<test id="s1-t1" name="test_post_res" line="13">
<kw name="Create Session" owner="RequestsLibrary">
<msg time="2024-04-10T16:35:26.612354" level="INFO">Creating Session using : alias=mysession, url=https://jsonplaceholder.typicode.com, headers={},                     cookies={}, auth=None, timeout=None, proxies=None, verify=False,                     debug=0 </msg>
<arg>mysession</arg>
<arg>${base_url}</arg>
<doc>Create Session: create a HTTP session to a server</doc>
<status status="PASS" start="2024-04-10T16:35:26.612139" elapsed="0.000469"/>
</kw>
<kw name="Create Dictionary" owner="BuiltIn">
<msg time="2024-04-10T16:35:26.613234" level="INFO">${body} = {'title': 'Robot post request', 'body': 'send', 'userId': '1'}</msg>
<var>${body}</var>
<arg>title=${title}</arg>
<arg>body=${body}</arg>
<arg>userId=${userid}</arg>
<doc>Creates and returns a dictionary based on the given ``items``.</doc>
<status status="PASS" start="2024-04-10T16:35:26.612799" elapsed="0.000464"/>
</kw>
<kw name="Create Dictionary" owner="BuiltIn">
<msg time="2024-04-10T16:35:26.613666" level="INFO">${header} = {'Content-Type': 'application/json'}</msg>
<var>${header}</var>
<arg>Content-Type=application/json</arg>
<doc>Creates and returns a dictionary based on the given ``items``.</doc>
<status status="PASS" start="2024-04-10T16:35:26.613440" elapsed="0.000253"/>
</kw>
<kw name="POST On Session" owner="RequestsLibrary">
<msg time="2024-04-10T16:35:29.098428" level="INFO">POST Request : url=https://jsonplaceholder.typicode.com/posts 
 path_url=/posts 
 headers={'User-Agent': 'python-requests/2.31.0', 'Accept-Encoding': 'gzip, deflate, br', 'Accept': '*/*', 'Connection': 'keep-alive', 'Content-Length': '43', 'Content-Type': 'application/x-www-form-urlencoded'} 
 body=title=Robot+post+request&amp;body=send&amp;userId=1 
 </msg>
<msg time="2024-04-10T16:35:29.098531" level="INFO">POST Response : url=https://jsonplaceholder.typicode.com/posts 
 status=201, reason=Created 
 headers={'Date': 'Wed, 10 Apr 2024 11:05:28 GMT', 'Content-Type': 'application/json; charset=utf-8', 'Content-Length': '83', 'Connection': 'keep-alive', 'Report-To': '{"group":"heroku-nel","max_age":3600,"endpoints":[{"url":"https://nel.heroku.com/reports?ts=1712747128&amp;sid=e11707d5-02a7-43ef-b45e-2cf4d2036f7d&amp;s=Nnekd33ttSLIyqkIwxiI7uPsDnLDsUwR7SUJVq6IzEk%3D"}]}', 'Reporting-Endpoints': 'heroku-nel=https://nel.heroku.com/reports?ts=1712747128&amp;sid=e11707d5-02a7-43ef-b45e-2cf4d2036f7d&amp;s=Nnekd33ttSLIyqkIwxiI7uPsDnLDsUwR7SUJVq6IzEk%3D', 'Nel': '{"report_to":"heroku-nel","max_age":3600,"success_fraction":0.005,"failure_fraction":0.05,"response_headers":["Via"]}', 'X-Powered-By': 'Express', 'X-Ratelimit-Limit': '1000', 'X-Ratelimit-Remaining': '999', 'X-Ratelimit-Reset': '1712747184', 'Vary': 'Origin, X-HTTP-Method-Override, Accept-Encoding', 'Access-Control-Allow-Credentials': 'true', 'Cache-Control': 'no-cache', 'Pragma': 'no-cache', 'Expires': '-1', 'Access-Control-Expose-Headers': 'Location', 'Location': 'https://jsonplaceholder.typicode.com/posts/101', 'X-Content-Type-Options': 'nosniff', 'Etag': 'W/"53-NILgXZn9OqGB0nL0dkbLxumi6B0"', 'Via': '1.1 vegur', 'CF-Cache-Status': 'DYNAMIC', 'Server': 'cloudflare', 'CF-RAY': '8722430e6d3c3d35-SIN', 'alt-svc': 'h3=":443"; ma=86400'} 
 body={
  "title": "Robot post request",
  "body": "send",
  "userId": "1",
  "id": 101
} 
 </msg>
<msg time="2024-04-10T16:35:29.098632" level="INFO">/home/durga/Desktop/robot/venv/lib/python3.11/site-packages/urllib3/connectionpool.py:1103: InsecureRequestWarning: Unverified HTTPS request is being made to host 'jsonplaceholder.typicode.com'. Adding certificate verification is strongly advised. See: https://urllib3.readthedocs.io/en/latest/advanced-usage.html#tls-warnings
  warnings.warn(</msg>
<msg time="2024-04-10T16:35:29.098771" level="INFO">${response} = &lt;Response [201]&gt;</msg>
<var>${response}</var>
<arg>mysession</arg>
<arg>/posts</arg>
<arg>${body}</arg>
<arg>${header}</arg>
<doc>Sends a POST request on a previously created HTTP Session.</doc>
<status status="PASS" start="2024-04-10T16:35:26.613897" elapsed="2.484902"/>
</kw>
<kw name="Log To Console" owner="BuiltIn">
<arg>${response.status_code}</arg>
<doc>Logs the given message to the console.</doc>
<status status="PASS" start="2024-04-10T16:35:29.099027" elapsed="0.001009"/>
</kw>
<kw name="Log To Console" owner="BuiltIn">
<arg>${response.text}</arg>
<doc>Logs the given message to the console.</doc>
<status status="PASS" start="2024-04-10T16:35:29.100364" elapsed="0.001266"/>
</kw>
<kw name="Convert To String" owner="BuiltIn">
<msg time="2024-04-10T16:35:29.102843" level="INFO">${status_code} = 201</msg>
<var>${status_code}</var>
<arg>${response.status_code}</arg>
<doc>Converts the given item to a Unicode string.</doc>
<status status="PASS" start="2024-04-10T16:35:29.101976" elapsed="0.000902"/>
</kw>
<kw name="Should Be Equal" owner="BuiltIn">
<arg>${status_code}</arg>
<arg>201</arg>
<doc>Fails if the given objects are unequal.</doc>
<status status="PASS" start="2024-04-10T16:35:29.103191" elapsed="0.000381"/>
</kw>
<kw name="Convert To String" owner="BuiltIn">
<msg time="2024-04-10T16:35:29.104937" level="INFO">${response} = {
  "title": "Robot post request",
  "body": "send",
  "userId": "1",
  "id": 101
}</msg>
<var>${response}</var>
<arg>${response.content}</arg>
<doc>Converts the given item to a Unicode string.</doc>
<status status="PASS" start="2024-04-10T16:35:29.103882" elapsed="0.001086"/>
</kw>
<kw name="Should Contain" owner="BuiltIn">
<arg>${response}</arg>
<arg>${title}</arg>
<doc>Fails if ``container`` does not contain ``item`` one or more times.</doc>
<status status="PASS" start="2024-04-10T16:35:29.105247" elapsed="0.000321"/>
</kw>
<status status="PASS" start="2024-04-10T16:35:26.611357" elapsed="2.494510"/>
</test>
<status status="PASS" start="2024-04-10T16:35:26.523502" elapsed="2.583063"/>
</suite>
<statistics>
<total>
<stat pass="1" fail="0" skip="0">All Tests</stat>
</total>
<tag>
</tag>
<suite>
<stat pass="1" fail="0" skip="0" id="s1" name="Robot Framework Post Request">Robot Framework Post Request</stat>
</suite>
</statistics>
<errors>
</errors>
</robot>
